<?xml version="1.0" encoding="UTF-8"?>
<testng-results skipped="0" failed="0" ignored="0" total="1" passed="1">
  <reporter-output>
  </reporter-output>
  <suite name="Default suite" duration-ms="44309" started-at="2021-11-15T05:07:07Z" finished-at="2021-11-15T05:07:51Z">
    <groups>
    </groups>
    <test name="Default test" duration-ms="44309" started-at="2021-11-15T05:07:07Z" finished-at="2021-11-15T05:07:51Z">
      <class name="selenium.RedBus">
        <test-method status="PASS" signature="frameHandle()[pri:0, instance:selenium.RedBus@51efea79]" name="frameHandle" duration-ms="44285" started-at="2021-11-15T10:37:07Z" finished-at="2021-11-15T10:37:51Z">
          <reporter-output>
          </reporter-output>
        </test-method> <!-- frameHandle -->
      </class> <!-- selenium.RedBus -->
    </test> <!-- Default test -->
  </suite> <!-- Default suite -->
</testng-results>
